<?xml version="1.0" encoding="UTF-8"?>
<!-- Generated by org.testng.reporters.JUnitXMLReporter -->
<testsuite ignored="0" hostname="SURYA" failures="4" tests="4" name="Test_OrgModule" time="0.019" errors="0" timestamp="2025-07-30T17:49:16 IST">
  <testcase classname="org_Module.SingleOrgExeModule" name="CreateOrgWithDdtNameAndDropdown" time="0.0">
    <failure type="org.testng.TestNGException" message="
Parameter &amp;apos;browser&amp;apos; is required by @Test on method CreateOrgWithDdtNameAndDropdown but has not been marked @Optional or defined
in E:\Advance selenium\advselproject\paralleldisexe.xml">
      <![CDATA[org.testng.TestNGException: 
Parameter 'browser' is required by @Test on method CreateOrgWithDdtNameAndDropdown but has not been marked @Optional or defined
in E:\Advance selenium\advselproject\paralleldisexe.xml
at java.base/java.util.concurrent.Executors$RunnableAdapter.call(Executors.java:572)
at java.base/java.util.concurrent.FutureTask.run(FutureTask.java:317)
at java.base/java.util.concurrent.ThreadPoolExecutor.runWorker(ThreadPoolExecutor.java:1144)
at java.base/java.util.concurrent.ThreadPoolExecutor$Worker.run(ThreadPoolExecutor.java:642)
at java.base/java.lang.Thread.run(Thread.java:1583)
... Removed 12 stack frames]]>
    </failure>
  </testcase> <!-- CreateOrgWithDdtNameAndDropdown -->
  <testcase classname="org_Module.SingleOrgExeModule" name="CreateOrgnWithDdt" time="0.0">
    <failure type="org.testng.TestNGException" message="
Parameter &amp;apos;browser&amp;apos; is required by @Test on method CreateOrgnWithDdt but has not been marked @Optional or defined
in E:\Advance selenium\advselproject\paralleldisexe.xml">
      <![CDATA[org.testng.TestNGException: 
Parameter 'browser' is required by @Test on method CreateOrgnWithDdt but has not been marked @Optional or defined
in E:\Advance selenium\advselproject\paralleldisexe.xml
at java.base/java.util.concurrent.Executors$RunnableAdapter.call(Executors.java:572)
at java.base/java.util.concurrent.FutureTask.run(FutureTask.java:317)
at java.base/java.util.concurrent.ThreadPoolExecutor.runWorker(ThreadPoolExecutor.java:1144)
at java.base/java.util.concurrent.ThreadPoolExecutor$Worker.run(ThreadPoolExecutor.java:642)
at java.base/java.lang.Thread.run(Thread.java:1583)
... Removed 12 stack frames]]>
    </failure>
  </testcase> <!-- CreateOrgnWithDdt -->
  <testcase classname="org_Module.SingleOrgExeModule" name="CreateOrgnWithDdtNameAndPhno" time="0.0">
    <failure type="org.testng.TestNGException" message="
Parameter &amp;apos;browser&amp;apos; is required by @Test on method CreateOrgnWithDdtNameAndPhno but has not been marked @Optional or defined
in E:\Advance selenium\advselproject\paralleldisexe.xml">
      <![CDATA[org.testng.TestNGException: 
Parameter 'browser' is required by @Test on method CreateOrgnWithDdtNameAndPhno but has not been marked @Optional or defined
in E:\Advance selenium\advselproject\paralleldisexe.xml
at java.base/java.util.concurrent.Executors$RunnableAdapter.call(Executors.java:572)
at java.base/java.util.concurrent.FutureTask.run(FutureTask.java:317)
at java.base/java.util.concurrent.ThreadPoolExecutor.runWorker(ThreadPoolExecutor.java:1144)
at java.base/java.util.concurrent.ThreadPoolExecutor$Worker.run(ThreadPoolExecutor.java:642)
at java.base/java.lang.Thread.run(Thread.java:1583)
... Removed 12 stack frames]]>
    </failure>
  </testcase> <!-- CreateOrgnWithDdtNameAndPhno -->
  <testcase classname="org_Module.SingleOrgExeModule" name="createNewOrg" time="0.0">
    <failure type="org.testng.TestNGException" message="
Parameter &amp;apos;browser&amp;apos; is required by @Test on method createNewOrg but has not been marked @Optional or defined
in E:\Advance selenium\advselproject\paralleldisexe.xml">
      <![CDATA[org.testng.TestNGException: 
Parameter 'browser' is required by @Test on method createNewOrg but has not been marked @Optional or defined
in E:\Advance selenium\advselproject\paralleldisexe.xml
at java.base/java.util.concurrent.Executors$RunnableAdapter.call(Executors.java:572)
at java.base/java.util.concurrent.FutureTask.run(FutureTask.java:317)
at java.base/java.util.concurrent.ThreadPoolExecutor.runWorker(ThreadPoolExecutor.java:1144)
at java.base/java.util.concurrent.ThreadPoolExecutor$Worker.run(ThreadPoolExecutor.java:642)
at java.base/java.lang.Thread.run(Thread.java:1583)
... Removed 12 stack frames]]>
    </failure>
  </testcase> <!-- createNewOrg -->
</testsuite> <!-- Test_OrgModule -->
